0 info it worked if it ends with ok
1 verbose cli [ '/usr/local/Cellar/node/6.2.2/bin/node',
1 verbose cli   '/usr/local/bin/npm',
1 verbose cli   'publish' ]
2 info using npm@3.9.5
3 info using node@v6.2.2
4 verbose publish [ '.' ]
5 silly cache add args [ '.', null ]
6 verbose cache add spec .
7 silly cache add parsed spec Result {
7 silly cache add   raw: '.',
7 silly cache add   scope: null,
7 silly cache add   name: null,
7 silly cache add   rawSpec: '.',
7 silly cache add   spec: '/Users/zacharyjuang/WebstormProjects/gitbook-plugin-style',
7 silly cache add   type: 'directory' }
8 verbose addLocalDirectory /Users/zacharyjuang/.npm/gitbook-plugin-style/1.0.1/package.tgz not in flight; packing
9 verbose correctMkdir /Users/zacharyjuang/.npm correctMkdir not in flight; initializing
10 info lifecycle gitbook-plugin-style@1.0.1~prepublish: gitbook-plugin-style@1.0.1
11 silly lifecycle gitbook-plugin-style@1.0.1~prepublish: no script for prepublish, continuing
12 verbose tar pack [ '/Users/zacharyjuang/.npm/gitbook-plugin-style/1.0.1/package.tgz',
12 verbose tar pack   '/Users/zacharyjuang/WebstormProjects/gitbook-plugin-style' ]
13 verbose tarball /Users/zacharyjuang/.npm/gitbook-plugin-style/1.0.1/package.tgz
14 verbose folder /Users/zacharyjuang/WebstormProjects/gitbook-plugin-style
15 verbose addLocalTarball adding from inside cache /Users/zacharyjuang/.npm/gitbook-plugin-style/1.0.1/package.tgz
16 verbose correctMkdir /Users/zacharyjuang/.npm correctMkdir not in flight; initializing
17 silly cache afterAdd gitbook-plugin-style@1.0.1
18 verbose afterAdd /Users/zacharyjuang/.npm/gitbook-plugin-style/1.0.1/package/package.json not in flight; writing
19 verbose correctMkdir /Users/zacharyjuang/.npm correctMkdir not in flight; initializing
20 verbose afterAdd /Users/zacharyjuang/.npm/gitbook-plugin-style/1.0.1/package/package.json written
21 silly publish { name: 'gitbook-plugin-style',
21 silly publish   version: '1.0.1',
21 silly publish   description: 'Add style to your texts',
21 silly publish   main: 'index.js',
21 silly publish   scripts: { test: 'echo "Error: no test specified" && exit 1' },
21 silly publish   keywords: [ 'gitbook', 'gitbook-plugin', 'style' ],
21 silly publish   author: { name: 'Zachary Juang' },
21 silly publish   license: 'MIT',
21 silly publish   repository:
21 silly publish    { type: 'git',
21 silly publish      url: 'git+https://github.com/zachary822/gitbook-plugin-style.git' },
21 silly publish   engines: { gitbook: '>=3.0.0' },
21 silly publish   readme: '# gitbook-plugin-style\n\nConveniently add inline styles with [nunjucks](https://mozilla.github.io/nunjucks/templating.html#filters)\nfilter syntax.\n\n## Example\n\n```\n{{ "example text" | style("color:red") }}\n```\n\n### Output\n\n<span style="color:red">example text</span>\n\n# API\n\n## style(styleString, *id=undefined*, *class=undefined*)\n\n### Positional Arguments\n\n#### styleString\n\nType: `string`\n\nHTML inline style string\n\n### named arguments\n\n#### id\n\nType: `string`\n\nAdditional id attribute.\n\n#### class\n\nType: `string`\n\nAdditional class attribute.\n\n# License\n\n[MIT license](https://github.com/zachary822/gitbook-plugin-style/blob/master/LICENSE)\n',
21 silly publish   readmeFilename: 'README.md',
21 silly publish   gitHead: 'ae3316e5e93464b49f14b14d8109a225004963b5',
21 silly publish   bugs: { url: 'https://github.com/zachary822/gitbook-plugin-style/issues' },
21 silly publish   homepage: 'https://github.com/zachary822/gitbook-plugin-style#readme',
21 silly publish   _id: 'gitbook-plugin-style@1.0.1',
21 silly publish   _shasum: 'b8b515a266c5c7fa73e7dc0ce40aef8ea0c7a510',
21 silly publish   _from: '.' }
22 verbose getPublishConfig undefined
23 silly mapToRegistry name gitbook-plugin-style
24 silly mapToRegistry using default registry
25 silly mapToRegistry registry https://registry.npmjs.org/
26 silly mapToRegistry data Result {
26 silly mapToRegistry   raw: 'gitbook-plugin-style',
26 silly mapToRegistry   scope: null,
26 silly mapToRegistry   name: 'gitbook-plugin-style',
26 silly mapToRegistry   rawSpec: '',
26 silly mapToRegistry   spec: 'latest',
26 silly mapToRegistry   type: 'tag' }
27 silly mapToRegistry uri https://registry.npmjs.org/gitbook-plugin-style
28 verbose publish registryBase https://registry.npmjs.org/
29 silly publish uploading /Users/zacharyjuang/.npm/gitbook-plugin-style/1.0.1/package.tgz
30 verbose request uri https://registry.npmjs.org/gitbook-plugin-style
31 verbose request sending authorization for write operation
32 info attempt registry request try #1 at 10:01:54 PM
33 verbose request using bearer token for auth
34 verbose request id 59e95ebc8353d1e6
35 http request PUT https://registry.npmjs.org/gitbook-plugin-style
36 http 403 https://registry.npmjs.org/gitbook-plugin-style
37 verbose headers { 'content-type': 'application/json',
37 verbose headers   'cache-control': 'max-age=300',
37 verbose headers   'content-length': '128',
37 verbose headers   'accept-ranges': 'bytes',
37 verbose headers   date: 'Wed, 22 Jun 2016 14:01:54 GMT',
37 verbose headers   via: '1.1 varnish',
37 verbose headers   connection: 'keep-alive',
37 verbose headers   'x-served-by': 'cache-itm7421-ITM',
37 verbose headers   'x-cache': 'MISS',
37 verbose headers   'x-cache-hits': '0',
37 verbose headers   'x-timer': 'S1466604113.907101,VS0,VE745',
37 verbose headers   vary: 'Accept-Encoding' }
38 verbose request invalidating /Users/zacharyjuang/.npm/registry.npmjs.org/gitbook-plugin-style on PUT
39 error publish Failed PUT 403
40 verbose stack Error: "You cannot publish over the previously published version 1.0.1. Try bumping the version to 2.0.0" : gitbook-plugin-style
40 verbose stack     at makeError (/usr/local/lib/node_modules/npm/node_modules/npm-registry-client/lib/request.js:264:12)
40 verbose stack     at CachingRegistryClient.<anonymous> (/usr/local/lib/node_modules/npm/node_modules/npm-registry-client/lib/request.js:252:14)
40 verbose stack     at Request._callback (/usr/local/lib/node_modules/npm/node_modules/npm-registry-client/lib/request.js:172:14)
40 verbose stack     at Request.self.callback (/usr/local/lib/node_modules/npm/node_modules/request/request.js:200:22)
40 verbose stack     at emitTwo (events.js:106:13)
40 verbose stack     at Request.emit (events.js:191:7)
40 verbose stack     at Request.<anonymous> (/usr/local/lib/node_modules/npm/node_modules/request/request.js:1067:10)
40 verbose stack     at emitOne (events.js:101:20)
40 verbose stack     at Request.emit (events.js:188:7)
40 verbose stack     at IncomingMessage.<anonymous> (/usr/local/lib/node_modules/npm/node_modules/request/request.js:988:12)
41 verbose statusCode 403
42 verbose pkgid gitbook-plugin-style
43 verbose cwd /Users/zacharyjuang/WebstormProjects/gitbook-plugin-style
44 error Darwin 15.6.0
45 error argv "/usr/local/Cellar/node/6.2.2/bin/node" "/usr/local/bin/npm" "publish"
46 error node v6.2.2
47 error npm  v3.9.5
48 error code E403
49 error "You cannot publish over the previously published version 1.0.1. Try bumping the version to 2.0.0" : gitbook-plugin-style
50 error If you need help, you may report this error at:
50 error     <https://github.com/npm/npm/issues>
51 verbose exit [ 1, true ]
